



   ---------------------------------------------------------------------------
     START OF THE SEQUENTIAL LEAST SQUARES PROGRAMMING ALGORIT  
   ---------------------------------------------------------------------------

     PARAMETERS:
        ACC =   0.1000D-05
        MAXITER = 50
        IPRINT =   1
IOUT =   6




     ITER =    1     OBJ = -0.23625000E+04
      0.4200E+02
      0.7500E+01
      0.7500E+01


     ITER =    2     OBJ = -0.32507304E+04
      0.3111E+02
      0.1022E+02
      0.1022E+02


     ITER =    3     OBJ = -0.34557650E+04
      0.2423E+02
      0.1194E+02
      0.1194E+02


     ITER =    4     OBJ = -0.34559928E+04
      0.2396E+02
      0.1201E+02
      0.1201E+02


     ITER =    5     OBJ = -0.34559991E+04
      0.2400E+02
      0.1199E+02
      0.1201E+02


     ITER =    6     OBJ = -0.34559999E+04
      0.2400E+02
      0.1200E+02
      0.1200E+02


     ITER =    7     OBJ = -0.34560000E+04
      0.2400E+02
      0.1200E+02
      0.1200E+02


     ITER =    8     OBJ = -0.34560000E+04
      0.2400E+02
      0.1200E+02
      0.1200E+02
        NUMBER OF FUNC-CALLS:  NFUNC =  23
        NUMBER OF GRAD-CALLS:  NGRAD =   9
